<?xml version="1.0" encoding="utf-8"?><testsuites name="pytest tests"><testsuite name="pytest" errors="0" failures="0" skipped="0" tests="22" time="4.838" timestamp="2026-03-26T23:24:58.005290+00:00" hostname="agent-env-a85b338e-46b0-44bb-9e28-13c2ad1d8bda"><testcase classname="backend.tests.test_operational.TestCollaborators" name="test_list_collaborators" time="0.504" /><testcase classname="backend.tests.test_operational.TestCollaborators" name="test_create_collaborator" time="0.248" /><testcase classname="backend.tests.test_operational.TestCollaborators" name="test_update_collaborator" time="0.201" /><testcase classname="backend.tests.test_operational.TestCollaborators" name="test_delete_collaborator_soft" time="0.356" /><testcase classname="backend.tests.test_operational.TestClientCollaborators" name="test_list_client_collaborators" time="0.711" /><testcase classname="backend.tests.test_operational.TestClientCollaborators" name="test_assign_collaborator" time="0.138" /><testcase classname="backend.tests.test_operational.TestClientCollaborators" name="test_remove_collaborator_assignment" time="0.338" /><testcase classname="backend.tests.test_operational.TestClientTasks" name="test_list_tasks_empty" time="0.106" /><testcase classname="backend.tests.test_operational.TestClientTasks" name="test_apply_template" time="0.107" /><testcase classname="backend.tests.test_operational.TestClientTasks" name="test_apply_template_fails_if_tasks_exist" time="0.116" /><testcase classname="backend.tests.test_operational.TestClientTasks" name="test_list_tasks_with_template" time="0.150" /><testcase classname="backend.tests.test_operational.TestClientTasks" name="test_create_task" time="0.118" /><testcase classname="backend.tests.test_operational.TestTaskManagement" name="test_update_task_status" time="0.238" /><testcase classname="backend.tests.test_operational.TestTaskManagement" name="test_update_task_priority" time="0.145" /><testcase classname="backend.tests.test_operational.TestTaskManagement" name="test_log_time" time="0.165" /><testcase classname="backend.tests.test_operational.TestTaskManagement" name="test_add_comment" time="0.139" /><testcase classname="backend.tests.test_operational.TestTaskManagement" name="test_list_comments" time="0.131" /><testcase classname="backend.tests.test_operational.TestTaskManagement" name="test_reorder_tasks" time="0.256" /><testcase classname="backend.tests.test_operational.TestTaskManagement" name="test_delete_task" time="0.118" /><testcase classname="backend.tests.test_operational.TestOperationalSummary" name="test_summary_returns_list" time="0.117" /><testcase classname="backend.tests.test_operational.TestOperationalSummary" name="test_summary_filter_by_manager" time="0.118" /><testcase classname="backend.tests.test_operational.TestOperationalSummary" name="test_summary_existing_client" time="0.211" /></testsuite></testsuites>