<?xml version="1.0" encoding="utf-8"?><testsuites name="pytest tests"><testsuite name="pytest" errors="0" failures="0" skipped="0" tests="13" time="2.105" timestamp="2026-03-26T22:38:27.474233+00:00" hostname="agent-env-a85b338e-46b0-44bb-9e28-13c2ad1d8bda"><testcase classname="backend.tests.test_agenciaos.TestLeadsAndPipeline" name="test_create_lead" time="0.655" /><testcase classname="backend.tests.test_agenciaos.TestLeadsAndPipeline" name="test_get_leads" time="0.058" /><testcase classname="backend.tests.test_agenciaos.TestLeadsAndPipeline" name="test_add_lead_to_pipeline" time="0.116" /><testcase classname="backend.tests.test_agenciaos.TestPipelineStages" name="test_get_stages" time="0.053" /><testcase classname="backend.tests.test_agenciaos.TestPipelineStages" name="test_reorder_stages" time="0.058" /><testcase classname="backend.tests.test_agenciaos.TestPipelineStages" name="test_rename_stage" time="0.117" /><testcase classname="backend.tests.test_agenciaos.TestOperational" name="test_create_client_creates_operational_card" time="0.467" /><testcase classname="backend.tests.test_agenciaos.TestOperational" name="test_get_operational_no_500" time="0.062" /><testcase classname="backend.tests.test_agenciaos.TestOperational" name="test_operational_card_has_client_info" time="0.058" /><testcase classname="backend.tests.test_agenciaos.TestOperational" name="test_toggle_operational_service" time="0.058" /><testcase classname="backend.tests.test_agenciaos.TestContentCarousel" name="test_get_carousel_webhook_setting" time="0.060" /><testcase classname="backend.tests.test_agenciaos.TestContentCarousel" name="test_put_carousel_webhook_setting" time="0.107" /><testcase classname="backend.tests.test_agenciaos.TestContentCarousel" name="test_generate_carousel_no_webhook_returns_400" time="0.160" /></testsuite></testsuites>