<?xml version="1.0" encoding="utf-8"?><testsuites name="pytest tests"><testsuite name="pytest" errors="0" failures="0" skipped="0" tests="25" time="4.823" timestamp="2026-03-26T21:38:31.414640+00:00" hostname="agent-env-a85b338e-46b0-44bb-9e28-13c2ad1d8bda"><testcase classname="backend.tests.test_agenciaos.TestAuth" name="test_register_new_user" time="0.456" /><testcase classname="backend.tests.test_agenciaos.TestAuth" name="test_register_duplicate_email" time="0.145" /><testcase classname="backend.tests.test_agenciaos.TestAuth" name="test_login_success" time="0.362" /><testcase classname="backend.tests.test_agenciaos.TestAuth" name="test_login_invalid_password" time="0.334" /><testcase classname="backend.tests.test_agenciaos.TestAuth" name="test_me_authenticated" time="0.526" /><testcase classname="backend.tests.test_agenciaos.TestAuth" name="test_me_unauthenticated" time="0.116" /><testcase classname="backend.tests.test_agenciaos.TestAuth" name="test_logout" time="0.121" /><testcase classname="backend.tests.test_agenciaos.TestLeads" name="test_list_leads_authenticated" time="0.100" /><testcase classname="backend.tests.test_agenciaos.TestLeads" name="test_list_leads_unauthenticated" time="0.120" /><testcase classname="backend.tests.test_agenciaos.TestLeads" name="test_create_lead" time="0.192" /><testcase classname="backend.tests.test_agenciaos.TestLeads" name="test_get_lead" time="0.105" /><testcase classname="backend.tests.test_agenciaos.TestLeads" name="test_update_lead" time="0.148" /><testcase classname="backend.tests.test_agenciaos.TestLeads" name="test_delete_lead" time="0.238" /><testcase classname="backend.tests.test_agenciaos.TestPipeline" name="test_list_stages" time="0.116" /><testcase classname="backend.tests.test_agenciaos.TestPipeline" name="test_list_deals" time="0.112" /><testcase classname="backend.tests.test_agenciaos.TestPipeline" name="test_create_deal" time="0.176" /><testcase classname="backend.tests.test_agenciaos.TestPipeline" name="test_update_deal_stage" time="0.123" /><testcase classname="backend.tests.test_agenciaos.TestPipeline" name="test_delete_deal" time="0.133" /><testcase classname="backend.tests.test_agenciaos.TestClients" name="test_list_clients" time="0.104" /><testcase classname="backend.tests.test_agenciaos.TestClients" name="test_create_client" time="0.178" /><testcase classname="backend.tests.test_agenciaos.TestClients" name="test_get_client" time="0.125" /><testcase classname="backend.tests.test_agenciaos.TestClients" name="test_update_client" time="0.125" /><testcase classname="backend.tests.test_agenciaos.TestClients" name="test_delete_client" time="0.237" /><testcase classname="backend.tests.test_agenciaos.TestDashboard" name="test_get_kpis" time="0.139" /><testcase classname="backend.tests.test_agenciaos.TestDashboard" name="test_kpis_unauthenticated" time="0.137" /></testsuite></testsuites>